<?xml version="1.0" encoding="UTF-8"?>
<!-- Generated by org.testng.reporters.JUnitReportReporter -->
<testsuite skipped="0" hostname="DESKTOP-PRQC7VC" name="com.tests.LoginTest" tests="1" failures="0" timestamp="29 Jun 2022 17:07:21 GMT" time="10.845" errors="0">
  <testcase name="loginTest" time="10.845" classname="com.tests.LoginTest"/>
</testsuite> <!-- com.tests.LoginTest -->
